<?xml version="1.0" encoding="UTF-8"?>
<coverage generated="1754688185892" clover="3.2.0">
  <project timestamp="1754688185892" name="All files">
    <metrics statements="199" coveredstatements="52" conditionals="101" coveredconditionals="37" methods="59" coveredmethods="18" elements="359" coveredelements="107" complexity="0" loc="199" ncloc="199" packages="6" files="9" classes="9"/>
    <package name="src">
      <metrics statements="8" coveredstatements="0" conditionals="0" coveredconditionals="0" methods="1" coveredmethods="0"/>
      <file name="App.tsx" path="C:\Users\migue\OneDrive\Escritorio\programming\Joonik\frontend\src\App.tsx">
        <metrics statements="8" coveredstatements="0" conditionals="0" coveredconditionals="0" methods="1" coveredmethods="0"/>
        <line num="2" count="0" type="stmt"/>
        <line num="3" count="0" type="stmt"/>
        <line num="4" count="0" type="stmt"/>
        <line num="5" count="0" type="stmt"/>
        <line num="6" count="0" type="stmt"/>
        <line num="8" count="0" type="stmt"/>
        <line num="57" count="0" type="stmt"/>
        <line num="75" count="0" type="stmt"/>
      </file>
    </package>
    <package name="src.components">
      <metrics statements="80" coveredstatements="46" conditionals="69" coveredconditionals="37" methods="28" coveredmethods="16"/>
      <file name="LocationCard.tsx" path="C:\Users\migue\OneDrive\Escritorio\programming\Joonik\frontend\src\components\LocationCard.tsx">
        <metrics statements="12" coveredstatements="12" conditionals="9" coveredconditionals="9" methods="6" coveredmethods="6"/>
        <line num="2" count="1" type="stmt"/>
        <line num="12" count="1" type="stmt"/>
        <line num="26" count="1" type="stmt"/>
        <line num="32" count="14" type="stmt"/>
        <line num="33" count="28" type="stmt"/>
        <line num="40" count="14" type="stmt"/>
        <line num="41" count="1" type="stmt"/>
        <line num="44" count="14" type="stmt"/>
        <line num="53" count="14" type="stmt"/>
        <line num="91" count="1" type="stmt"/>
        <line num="103" count="1" type="stmt"/>
        <line num="144" count="1" type="stmt"/>
      </file>
      <file name="LocationDialog.tsx" path="C:\Users\migue\OneDrive\Escritorio\programming\Joonik\frontend\src\components\LocationDialog.tsx">
        <metrics statements="22" coveredstatements="0" conditionals="27" coveredconditionals="0" methods="7" coveredmethods="0"/>
        <line num="1" count="0" type="stmt"/>
        <line num="2" count="0" type="stmt"/>
        <line num="12" count="0" type="stmt"/>
        <line num="13" count="0" type="stmt"/>
        <line num="14" count="0" type="stmt"/>
        <line num="17" count="0" type="stmt"/>
        <line num="43" count="0" type="stmt"/>
        <line num="55" count="0" type="stmt"/>
        <line num="65" count="0" type="stmt"/>
        <line num="66" count="0" type="cond" truecount="0" falsecount="2"/>
        <line num="67" count="0" type="stmt"/>
        <line num="75" count="0" type="stmt"/>
        <line num="77" count="0" type="stmt"/>
        <line num="81" count="0" type="stmt"/>
        <line num="84" count="0" type="stmt"/>
        <line num="85" count="0" type="stmt"/>
        <line num="86" count="0" type="stmt"/>
        <line num="89" count="0" type="stmt"/>
        <line num="99" count="0" type="stmt"/>
        <line num="113" count="0" type="stmt"/>
        <line num="127" count="0" type="stmt"/>
        <line num="157" count="0" type="stmt"/>
      </file>
      <file name="LocationForm.tsx" path="C:\Users\migue\OneDrive\Escritorio\programming\Joonik\frontend\src\components\LocationForm.tsx">
        <metrics statements="35" coveredstatements="34" conditionals="29" coveredconditionals="28" methods="11" coveredmethods="10"/>
        <line num="1" count="1" type="stmt"/>
        <line num="2" count="1" type="stmt"/>
        <line num="14" count="1" type="stmt"/>
        <line num="15" count="1" type="stmt"/>
        <line num="16" count="1" type="stmt"/>
        <line num="17" count="1" type="stmt"/>
        <line num="29" count="1" type="stmt"/>
        <line num="37" count="86" type="stmt"/>
        <line num="45" count="86" type="stmt"/>
        <line num="55" count="86" type="stmt"/>
        <line num="58" count="86" type="stmt"/>
        <line num="59" count="15" type="cond" truecount="2" falsecount="0"/>
        <line num="60" count="14" type="cond" truecount="2" falsecount="0"/>
        <line num="61" count="3" type="stmt"/>
        <line num="67" count="11" type="stmt"/>
        <line num="76" count="86" type="stmt"/>
        <line num="77" count="1" type="stmt"/>
        <line num="78" count="1" type="cond" truecount="1" falsecount="1"/>
        <line num="79" count="1" type="stmt"/>
        <line num="83" count="86" type="stmt"/>
        <line num="84" count="2" type="stmt"/>
        <line num="85" count="2" type="stmt"/>
        <line num="88" count="86" type="stmt"/>
        <line num="89" count="45" type="stmt"/>
        <line num="90" count="45" type="stmt"/>
        <line num="91" count="26" type="stmt"/>
        <line num="92" count="126" type="stmt"/>
        <line num="94" count="19" type="stmt"/>
        <line num="98" count="86" type="stmt"/>
        <line num="135" count="103" type="stmt"/>
        <line num="146" count="21" type="stmt"/>
        <line num="155" count="110" type="stmt"/>
        <line num="171" count="85" type="stmt"/>
        <line num="206" count="0" type="stmt"/>
        <line num="233" count="1" type="stmt"/>
      </file>
      <file name="Navbar.tsx" path="C:\Users\migue\OneDrive\Escritorio\programming\Joonik\frontend\src\components\Navbar.tsx">
        <metrics statements="11" coveredstatements="0" conditionals="4" coveredconditionals="0" methods="4" coveredmethods="0"/>
        <line num="2" count="0" type="stmt"/>
        <line num="3" count="0" type="stmt"/>
        <line num="4" count="0" type="stmt"/>
        <line num="6" count="0" type="stmt"/>
        <line num="7" count="0" type="stmt"/>
        <line num="8" count="0" type="stmt"/>
        <line num="10" count="0" type="stmt"/>
        <line num="12" count="0" type="stmt"/>
        <line num="29" count="0" type="stmt"/>
        <line num="59" count="0" type="stmt"/>
        <line num="82" count="0" type="stmt"/>
      </file>
    </package>
    <package name="src.config">
      <metrics statements="33" coveredstatements="0" conditionals="11" coveredconditionals="0" methods="4" coveredmethods="0"/>
      <file name="api.ts" path="C:\Users\migue\OneDrive\Escritorio\programming\Joonik\frontend\src\config\api.ts">
        <metrics statements="33" coveredstatements="0" conditionals="11" coveredconditionals="0" methods="4" coveredmethods="0"/>
        <line num="1" count="0" type="stmt"/>
        <line num="4" count="0" type="stmt"/>
        <line num="5" count="0" type="stmt"/>
        <line num="8" count="0" type="stmt"/>
        <line num="18" count="0" type="stmt"/>
        <line num="20" count="0" type="stmt"/>
        <line num="21" count="0" type="stmt"/>
        <line num="24" count="0" type="stmt"/>
        <line num="25" count="0" type="stmt"/>
        <line num="30" count="0" type="stmt"/>
        <line num="32" count="0" type="stmt"/>
        <line num="35" count="0" type="stmt"/>
        <line num="38" count="0" type="cond" truecount="0" falsecount="2"/>
        <line num="40" count="0" type="stmt"/>
        <line num="42" count="0" type="cond" truecount="0" falsecount="7"/>
        <line num="44" count="0" type="stmt"/>
        <line num="45" count="0" type="stmt"/>
        <line num="47" count="0" type="stmt"/>
        <line num="48" count="0" type="stmt"/>
        <line num="50" count="0" type="stmt"/>
        <line num="51" count="0" type="stmt"/>
        <line num="53" count="0" type="stmt"/>
        <line num="54" count="0" type="stmt"/>
        <line num="56" count="0" type="stmt"/>
        <line num="57" count="0" type="stmt"/>
        <line num="59" count="0" type="stmt"/>
        <line num="60" count="0" type="stmt"/>
        <line num="62" count="0" type="stmt"/>
        <line num="64" count="0" type="cond" truecount="0" falsecount="2"/>
        <line num="66" count="0" type="stmt"/>
        <line num="69" count="0" type="stmt"/>
        <line num="72" count="0" type="stmt"/>
        <line num="76" count="0" type="stmt"/>
      </file>
    </package>
    <package name="src.hooks">
      <metrics statements="52" coveredstatements="0" conditionals="12" coveredconditionals="0" methods="18" coveredmethods="0"/>
      <file name="useLocations.ts" path="C:\Users\migue\OneDrive\Escritorio\programming\Joonik\frontend\src\hooks\useLocations.ts">
        <metrics statements="52" coveredstatements="0" conditionals="12" coveredconditionals="0" methods="18" coveredmethods="0"/>
        <line num="1" count="0" type="stmt"/>
        <line num="3" count="0" type="stmt"/>
        <line num="29" count="0" type="cond" truecount="0" falsecount="1"/>
        <line num="30" count="0" type="stmt"/>
        <line num="38" count="0" type="stmt"/>
        <line num="39" count="0" type="stmt"/>
        <line num="42" count="0" type="stmt"/>
        <line num="43" count="0" type="stmt"/>
        <line num="45" count="0" type="cond" truecount="0" falsecount="2"/>
        <line num="46" count="0" type="stmt"/>
        <line num="48" count="0" type="cond" truecount="0" falsecount="2"/>
        <line num="49" count="0" type="stmt"/>
        <line num="52" count="0" type="cond" truecount="0" falsecount="4"/>
        <line num="53" count="0" type="stmt"/>
        <line num="54" count="0" type="stmt"/>
        <line num="57" count="0" type="cond" truecount="0" falsecount="2"/>
        <line num="58" count="0" type="stmt"/>
        <line num="61" count="0" type="stmt"/>
        <line num="64" count="0" type="stmt"/>
        <line num="66" count="0" type="stmt"/>
        <line num="68" count="0" type="stmt"/>
        <line num="69" count="0" type="stmt"/>
        <line num="70" count="0" type="stmt"/>
        <line num="78" count="0" type="stmt"/>
        <line num="84" count="0" type="stmt"/>
        <line num="86" count="0" type="stmt"/>
        <line num="88" count="0" type="stmt"/>
        <line num="89" count="0" type="stmt"/>
        <line num="90" count="0" type="stmt"/>
        <line num="91" count="0" type="stmt"/>
        <line num="93" count="0" type="stmt"/>
        <line num="94" count="0" type="stmt"/>
        <line num="100" count="0" type="stmt"/>
        <line num="102" count="0" type="stmt"/>
        <line num="104" count="0" type="stmt"/>
        <line num="105" count="0" type="stmt"/>
        <line num="106" count="0" type="stmt"/>
        <line num="107" count="0" type="stmt"/>
        <line num="109" count="0" type="stmt"/>
        <line num="110" count="0" type="stmt"/>
        <line num="116" count="0" type="stmt"/>
        <line num="118" count="0" type="stmt"/>
        <line num="120" count="0" type="stmt"/>
        <line num="121" count="0" type="stmt"/>
        <line num="122" count="0" type="stmt"/>
        <line num="123" count="0" type="stmt"/>
        <line num="125" count="0" type="stmt"/>
        <line num="126" count="0" type="stmt"/>
        <line num="133" count="0" type="stmt"/>
        <line num="134" count="0" type="stmt"/>
        <line num="137" count="0" type="stmt"/>
        <line num="147" count="0" type="stmt"/>
      </file>
    </package>
    <package name="src.schemas">
      <metrics statements="7" coveredstatements="6" conditionals="0" coveredconditionals="0" methods="3" coveredmethods="2"/>
      <file name="locationSchema.ts" path="C:\Users\migue\OneDrive\Escritorio\programming\Joonik\frontend\src\schemas\locationSchema.ts">
        <metrics statements="7" coveredstatements="6" conditionals="0" coveredconditionals="0" methods="3" coveredmethods="2"/>
        <line num="1" count="1" type="stmt"/>
        <line num="4" count="1" type="stmt"/>
        <line num="28" count="120" type="stmt"/>
        <line num="29" count="120" type="stmt"/>
        <line num="30" count="695" type="stmt"/>
        <line num="38" count="1" type="stmt"/>
        <line num="39" count="0" type="stmt"/>
      </file>
    </package>
    <package name="src.services">
      <metrics statements="19" coveredstatements="0" conditionals="9" coveredconditionals="0" methods="5" coveredmethods="0"/>
      <file name="locationService.ts" path="C:\Users\migue\OneDrive\Escritorio\programming\Joonik\frontend\src\services\locationService.ts">
        <metrics statements="19" coveredstatements="0" conditionals="9" coveredconditionals="0" methods="5" coveredmethods="0"/>
        <line num="1" count="0" type="stmt"/>
        <line num="10" count="0" type="stmt"/>
        <line num="16" count="0" type="stmt"/>
        <line num="18" count="0" type="cond" truecount="0" falsecount="2"/>
        <line num="19" count="0" type="cond" truecount="0" falsecount="2"/>
        <line num="20" count="0" type="cond" truecount="0" falsecount="2"/>
        <line num="21" count="0" type="cond" truecount="0" falsecount="2"/>
        <line num="23" count="0" type="stmt"/>
        <line num="26" count="0" type="stmt"/>
        <line num="33" count="0" type="stmt"/>
        <line num="34" count="0" type="stmt"/>
        <line num="41" count="0" type="stmt"/>
        <line num="42" count="0" type="stmt"/>
        <line num="49" count="0" type="stmt"/>
        <line num="50" count="0" type="stmt"/>
        <line num="57" count="0" type="stmt"/>
        <line num="60" count="0" type="stmt"/>
        <line num="64" count="0" type="stmt"/>
        <line num="65" count="0" type="stmt"/>
      </file>
    </package>
  </project>
</coverage>
