{"C:\\Users\\migue\\OneDrive\\Escritorio\\programming\\Joonik\\frontend\\src\\App.tsx": {"path":"C:\\Users\\migue\\OneDrive\\Escritorio\\programming\\Joonik\\frontend\\src\\App.tsx","statementMap":{"0":{"start":{"line":2,"column":0},"end":{"line":2,"column":74}},"1":{"start":{"line":3,"column":0},"end":{"line":3,"column":66}},"2":{"start":{"line":4,"column":0},"end":{"line":4,"column":49}},"3":{"start":{"line":5,"column":0},"end":{"line":5,"column":53}},"4":{"start":{"line":6,"column":0},"end":{"line":6,"column":41}},"5":{"start":{"line":8,"column":14},"end":{"line":54,"column":2}},"6":{"start":{"line":57,"column":2},"end":{"line":72,"column":4}},"7":{"start":{"line":75,"column":0},"end":{"line":75,"column":19}}},"fnMap":{"0":{"name":"App","decl":{"start":{"line":56,"column":9},"end":{"line":56,"column":12}},"loc":{"start":{"line":56,"column":12},"end":{"line":73,"column":1}}}},"branchMap":{},"s":{"0":0,"1":0,"2":0,"3":0,"4":0,"5":0,"6":0,"7":0},"f":{"0":0},"b":{}}
,"C:\\Users\\migue\\OneDrive\\Escritorio\\programming\\Joonik\\frontend\\src\\components\\LocationCard.tsx": {"path":"C:\\Users\\migue\\OneDrive\\Escritorio\\programming\\Joonik\\frontend\\src\\components\\LocationCard.tsx","statementMap":{"0":{"start":{"line":2,"column":0},"end":{"line":2,"column":null}},"1":{"start":{"line":12,"column":0},"end":{"line":12,"column":null}},"2":{"start":{"line":26,"column":50},"end":{"line":142,"column":1}},"3":{"start":{"line":32,"column":21},"end":{"line":38,"column":3}},"4":{"start":{"line":33,"column":4},"end":{"line":37,"column":7}},"5":{"start":{"line":40,"column":27},"end":{"line":42,"column":3}},"6":{"start":{"line":41,"column":4},"end":{"line":41,"column":94}},"7":{"start":{"line":44,"column":2},"end":{"line":141,"column":4}},"8":{"start":{"line":53,"column":30},"end":{"line":53,"column":46}},"9":{"start":{"line":91,"column":35},"end":{"line":91,"column":51}},"10":{"start":{"line":103,"column":35},"end":{"line":103,"column":56}},"11":{"start":{"line":144,"column":0},"end":{"line":144,"column":28}}},"fnMap":{"0":{"name":"(anonymous_0)","decl":{"start":{"line":26,"column":50},"end":{"line":26,"column":51}},"loc":{"start":{"line":31,"column":5},"end":{"line":142,"column":1}}},"1":{"name":"(anonymous_1)","decl":{"start":{"line":32,"column":21},"end":{"line":32,"column":22}},"loc":{"start":{"line":32,"column":44},"end":{"line":38,"column":3}}},"2":{"name":"(anonymous_2)","decl":{"start":{"line":40,"column":27},"end":{"line":40,"column":28}},"loc":{"start":{"line":40,"column":77},"end":{"line":42,"column":3}}},"3":{"name":"(anonymous_3)","decl":{"start":{"line":53,"column":21},"end":{"line":53,"column":26}},"loc":{"start":{"line":53,"column":30},"end":{"line":53,"column":46}}},"4":{"name":"(anonymous_4)","decl":{"start":{"line":91,"column":29},"end":{"line":91,"column":32}},"loc":{"start":{"line":91,"column":35},"end":{"line":91,"column":51}}},"5":{"name":"(anonymous_5)","decl":{"start":{"line":103,"column":29},"end":{"line":103,"column":32}},"loc":{"start":{"line":103,"column":35},"end":{"line":103,"column":56}}}},"branchMap":{"0":{"loc":{"start":{"line":30,"column":2},"end":{"line":30,"column":20}},"type":"default-arg","locations":[{"start":{"line":30,"column":16},"end":{"line":30,"column":20}}]},"1":{"loc":{"start":{"line":85,"column":11},"end":{"line":110,"column":null}},"type":"binary-expr","locations":[{"start":{"line":85,"column":11},"end":{"line":85,"column":22}},{"start":{"line":86,"column":12},"end":{"line":109,"column":null}}]},"2":{"loc":{"start":{"line":87,"column":15},"end":{"line":96,"column":null}},"type":"binary-expr","locations":[{"start":{"line":87,"column":15},"end":{"line":87,"column":21}},{"start":{"line":88,"column":16},"end":{"line":95,"column":null}}]},"3":{"loc":{"start":{"line":99,"column":15},"end":{"line":108,"column":null}},"type":"binary-expr","locations":[{"start":{"line":99,"column":15},"end":{"line":99,"column":23}},{"start":{"line":100,"column":16},"end":{"line":107,"column":null}}]},"4":{"loc":{"start":{"line":133,"column":11},"end":{"line":136,"column":null}},"type":"binary-expr","locations":[{"start":{"line":133,"column":11},"end":{"line":133,"column":54}},{"start":{"line":134,"column":12},"end":{"line":135,"column":null}}]}},"s":{"0":1,"1":1,"2":1,"3":14,"4":28,"5":14,"6":1,"7":14,"8":14,"9":1,"10":1,"11":1},"f":{"0":14,"1":28,"2":1,"3":14,"4":1,"5":1},"b":{"0":[13],"1":[14,13],"2":[13,1],"3":[13,1],"4":[14,14]}}
,"C:\\Users\\migue\\OneDrive\\Escritorio\\programming\\Joonik\\frontend\\src\\components\\LocationDialog.tsx": {"path":"C:\\Users\\migue\\OneDrive\\Escritorio\\programming\\Joonik\\frontend\\src\\components\\LocationDialog.tsx","statementMap":{"0":{"start":{"line":1,"column":0},"end":{"line":1,"column":26}},"1":{"start":{"line":2,"column":0},"end":{"line":2,"column":null}},"2":{"start":{"line":12,"column":0},"end":{"line":12,"column":54}},"3":{"start":{"line":13,"column":0},"end":{"line":13,"column":54}},"4":{"start":{"line":14,"column":0},"end":{"line":14,"column":24}},"5":{"start":{"line":17,"column":23},"end":{"line":31,"column":2}},"6":{"start":{"line":43,"column":54},"end":{"line":155,"column":1}},"7":{"start":{"line":55,"column":6},"end":{"line":63,"column":4}},"8":{"start":{"line":65,"column":2},"end":{"line":73,"column":30}},"9":{"start":{"line":66,"column":4},"end":{"line":72,"column":5}},"10":{"start":{"line":67,"column":6},"end":{"line":71,"column":9}},"11":{"start":{"line":75,"column":19},"end":{"line":82,"column":3}},"12":{"start":{"line":77,"column":23},"end":{"line":80,"column":6}},"13":{"start":{"line":81,"column":4},"end":{"line":81,"column":23}},"14":{"start":{"line":84,"column":22},"end":{"line":87,"column":3}},"15":{"start":{"line":85,"column":4},"end":{"line":85,"column":12}},"16":{"start":{"line":86,"column":4},"end":{"line":86,"column":14}},"17":{"start":{"line":89,"column":2},"end":{"line":154,"column":4}},"18":{"start":{"line":99,"column":16},"end":{"line":105,"column":null}},"19":{"start":{"line":113,"column":16},"end":{"line":119,"column":null}},"20":{"start":{"line":127,"column":16},"end":{"line":133,"column":null}},"21":{"start":{"line":157,"column":0},"end":{"line":157,"column":30}}},"fnMap":{"0":{"name":"(anonymous_1)","decl":{"start":{"line":43,"column":54},"end":{"line":43,"column":55}},"loc":{"start":{"line":49,"column":5},"end":{"line":155,"column":1}}},"1":{"name":"(anonymous_2)","decl":{"start":{"line":65,"column":18},"end":{"line":65,"column":21}},"loc":{"start":{"line":65,"column":23},"end":{"line":73,"column":3}}},"2":{"name":"(anonymous_3)","decl":{"start":{"line":75,"column":19},"end":{"line":75,"column":20}},"loc":{"start":{"line":75,"column":46},"end":{"line":82,"column":3}}},"3":{"name":"(anonymous_4)","decl":{"start":{"line":84,"column":22},"end":{"line":84,"column":25}},"loc":{"start":{"line":84,"column":27},"end":{"line":87,"column":3}}},"4":{"name":"(anonymous_5)","decl":{"start":{"line":98,"column":22},"end":{"line":98,"column":23}},"loc":{"start":{"line":99,"column":16},"end":{"line":105,"column":null}}},"5":{"name":"(anonymous_6)","decl":{"start":{"line":112,"column":22},"end":{"line":112,"column":23}},"loc":{"start":{"line":113,"column":16},"end":{"line":119,"column":null}}},"6":{"name":"(anonymous_7)","decl":{"start":{"line":126,"column":22},"end":{"line":126,"column":23}},"loc":{"start":{"line":127,"column":16},"end":{"line":133,"column":null}}}},"branchMap":{"0":{"loc":{"start":{"line":48,"column":2},"end":{"line":48,"column":17}},"type":"default-arg","locations":[{"start":{"line":48,"column":12},"end":{"line":48,"column":17}}]},"1":{"loc":{"start":{"line":58,"column":12},"end":{"line":58,"column":32}},"type":"binary-expr","locations":[{"start":{"line":58,"column":12},"end":{"line":58,"column":26}},{"start":{"line":58,"column":30},"end":{"line":58,"column":32}}]},"2":{"loc":{"start":{"line":59,"column":12},"end":{"line":59,"column":32}},"type":"binary-expr","locations":[{"start":{"line":59,"column":12},"end":{"line":59,"column":26}},{"start":{"line":59,"column":30},"end":{"line":59,"column":32}}]},"3":{"loc":{"start":{"line":60,"column":13},"end":{"line":60,"column":34}},"type":"binary-expr","locations":[{"start":{"line":60,"column":13},"end":{"line":60,"column":28}},{"start":{"line":60,"column":32},"end":{"line":60,"column":34}}]},"4":{"loc":{"start":{"line":66,"column":4},"end":{"line":72,"column":5}},"type":"if","locations":[{"start":{"line":66,"column":4},"end":{"line":72,"column":5}},{"start":{},"end":{}}]},"5":{"loc":{"start":{"line":68,"column":14},"end":{"line":68,"column":34}},"type":"binary-expr","locations":[{"start":{"line":68,"column":14},"end":{"line":68,"column":28}},{"start":{"line":68,"column":32},"end":{"line":68,"column":34}}]},"6":{"loc":{"start":{"line":69,"column":14},"end":{"line":69,"column":34}},"type":"binary-expr","locations":[{"start":{"line":69,"column":14},"end":{"line":69,"column":28}},{"start":{"line":69,"column":32},"end":{"line":69,"column":34}}]},"7":{"loc":{"start":{"line":70,"column":15},"end":{"line":70,"column":36}},"type":"binary-expr","locations":[{"start":{"line":70,"column":15},"end":{"line":70,"column":30}},{"start":{"line":70,"column":34},"end":{"line":70,"column":36}}]},"8":{"loc":{"start":{"line":79,"column":13},"end":{"line":79,"column":55}},"type":"cond-expr","locations":[{"start":{"line":79,"column":33},"end":{"line":79,"column":42}},{"start":{"line":79,"column":45},"end":{"line":79,"column":55}}]},"9":{"loc":{"start":{"line":91,"column":20},"end":{"line":91,"column":69}},"type":"cond-expr","locations":[{"start":{"line":91,"column":31},"end":{"line":91,"column":49}},{"start":{"line":91,"column":52},"end":{"line":91,"column":69}}]},"10":{"loc":{"start":{"line":132,"column":30},"end":{"line":132,"column":86}},"type":"binary-expr","locations":[{"start":{"line":132,"column":30},"end":{"line":132,"column":51}},{"start":{"line":132,"column":55},"end":{"line":132,"column":86}}]},"11":{"loc":{"start":{"line":146,"column":22},"end":{"line":146,"column":41}},"type":"binary-expr","locations":[{"start":{"line":146,"column":22},"end":{"line":146,"column":30}},{"start":{"line":146,"column":34},"end":{"line":146,"column":41}}]},"12":{"loc":{"start":{"line":147,"column":23},"end":{"line":147,"column":70}},"type":"cond-expr","locations":[{"start":{"line":147,"column":33},"end":{"line":147,"column":63}},{"start":{"line":147,"column":66},"end":{"line":147,"column":70}}]},"13":{"loc":{"start":{"line":149,"column":13},"end":{"line":149,"column":49}},"type":"cond-expr","locations":[{"start":{"line":149,"column":23},"end":{"line":149,"column":37}},{"start":{"line":149,"column":40},"end":{"line":149,"column":49}}]}},"s":{"0":0,"1":0,"2":0,"3":0,"4":0,"5":0,"6":0,"7":0,"8":0,"9":0,"10":0,"11":0,"12":0,"13":0,"14":0,"15":0,"16":0,"17":0,"18":0,"19":0,"20":0,"21":0},"f":{"0":0,"1":0,"2":0,"3":0,"4":0,"5":0,"6":0},"b":{"0":[0],"1":[0,0],"2":[0,0],"3":[0,0],"4":[0,0],"5":[0,0],"6":[0,0],"7":[0,0],"8":[0,0],"9":[0,0],"10":[0,0],"11":[0,0],"12":[0,0],"13":[0,0]}}
,"C:\\Users\\migue\\OneDrive\\Escritorio\\programming\\Joonik\\frontend\\src\\components\\LocationForm.tsx": {"path":"C:\\Users\\migue\\OneDrive\\Escritorio\\programming\\Joonik\\frontend\\src\\components\\LocationForm.tsx","statementMap":{"0":{"start":{"line":1,"column":0},"end":{"line":1,"column":41}},"1":{"start":{"line":2,"column":0},"end":{"line":2,"column":null}},"2":{"start":{"line":14,"column":0},"end":{"line":14,"column":57}},"3":{"start":{"line":15,"column":0},"end":{"line":15,"column":54}},"4":{"start":{"line":16,"column":0},"end":{"line":16,"column":54}},"5":{"start":{"line":17,"column":0},"end":{"line":17,"column":82}},"6":{"start":{"line":29,"column":50},"end":{"line":231,"column":1}},"7":{"start":{"line":37,"column":20},"end":{"line":37,"column":37}},"8":{"start":{"line":45,"column":6},"end":{"line":53,"column":4}},"9":{"start":{"line":55,"column":19},"end":{"line":55,"column":33}},"10":{"start":{"line":58,"column":2},"end":{"line":74,"column":30}},"11":{"start":{"line":59,"column":4},"end":{"line":73,"column":5}},"12":{"start":{"line":60,"column":6},"end":{"line":72,"column":7}},"13":{"start":{"line":61,"column":8},"end":{"line":65,"column":11}},"14":{"start":{"line":67,"column":8},"end":{"line":71,"column":11}},"15":{"start":{"line":76,"column":27},"end":{"line":81,"column":3}},"16":{"start":{"line":77,"column":20},"end":{"line":77,"column":40}},"17":{"start":{"line":78,"column":4},"end":{"line":80,"column":5}},"18":{"start":{"line":79,"column":6},"end":{"line":79,"column":16}},"19":{"start":{"line":83,"column":22},"end":{"line":86,"column":3}},"20":{"start":{"line":84,"column":4},"end":{"line":84,"column":12}},"21":{"start":{"line":85,"column":4},"end":{"line":85,"column":14}},"22":{"start":{"line":88,"column":23},"end":{"line":96,"column":3}},"23":{"start":{"line":89,"column":4},"end":{"line":95,"column":5}},"24":{"start":{"line":90,"column":6},"end":{"line":90,"column":19}},"25":{"start":{"line":91,"column":30},"end":{"line":91,"column":80}},"26":{"start":{"line":92,"column":6},"end":{"line":92,"column":74}},"27":{"start":{"line":92,"column":41},"end":{"line":92,"column":72}},"28":{"start":{"line":94,"column":6},"end":{"line":94,"column":19}},"29":{"start":{"line":98,"column":2},"end":{"line":230,"column":4}},"30":{"start":{"line":135,"column":16},"end":{"line":146,"column":null}},"31":{"start":{"line":146,"column":33},"end":{"line":146,"column":77}},"32":{"start":{"line":155,"column":16},"end":{"line":162,"column":null}},"33":{"start":{"line":171,"column":16},"end":{"line":180,"column":null}},"34":{"start":{"line":206,"column":20},"end":{"line":206,"column":59}},"35":{"start":{"line":233,"column":0},"end":{"line":233,"column":28}}},"fnMap":{"0":{"name":"(anonymous_0)","decl":{"start":{"line":29,"column":50},"end":{"line":29,"column":51}},"loc":{"start":{"line":36,"column":5},"end":{"line":231,"column":1}}},"1":{"name":"(anonymous_1)","decl":{"start":{"line":58,"column":12},"end":{"line":58,"column":15}},"loc":{"start":{"line":58,"column":17},"end":{"line":74,"column":3}}},"2":{"name":"(anonymous_2)","decl":{"start":{"line":76,"column":27},"end":{"line":76,"column":32}},"loc":{"start":{"line":76,"column":60},"end":{"line":81,"column":3}}},"3":{"name":"(anonymous_3)","decl":{"start":{"line":83,"column":22},"end":{"line":83,"column":25}},"loc":{"start":{"line":83,"column":27},"end":{"line":86,"column":3}}},"4":{"name":"(anonymous_4)","decl":{"start":{"line":88,"column":23},"end":{"line":88,"column":24}},"loc":{"start":{"line":88,"column":39},"end":{"line":96,"column":3}}},"5":{"name":"(anonymous_5)","decl":{"start":{"line":92,"column":34},"end":{"line":92,"column":37}},"loc":{"start":{"line":92,"column":41},"end":{"line":92,"column":72}}},"6":{"name":"(anonymous_6)","decl":{"start":{"line":134,"column":22},"end":{"line":134,"column":23}},"loc":{"start":{"line":135,"column":16},"end":{"line":146,"column":null}}},"7":{"name":"(anonymous_7)","decl":{"start":{"line":146,"column":28},"end":{"line":146,"column":29}},"loc":{"start":{"line":146,"column":33},"end":{"line":146,"column":77}}},"8":{"name":"(anonymous_8)","decl":{"start":{"line":154,"column":22},"end":{"line":154,"column":23}},"loc":{"start":{"line":155,"column":16},"end":{"line":162,"column":null}}},"9":{"name":"(anonymous_9)","decl":{"start":{"line":170,"column":22},"end":{"line":170,"column":23}},"loc":{"start":{"line":171,"column":16},"end":{"line":180,"column":null}}},"10":{"name":"(anonymous_10)","decl":{"start":{"line":205,"column":27},"end":{"line":205,"column":28}},"loc":{"start":{"line":205,"column":31},"end":{"line":207,"column":19}}}},"branchMap":{"0":{"loc":{"start":{"line":34,"column":2},"end":{"line":34,"column":17}},"type":"default-arg","locations":[{"start":{"line":34,"column":12},"end":{"line":34,"column":17}}]},"1":{"loc":{"start":{"line":35,"column":2},"end":{"line":35,"column":14}},"type":"default-arg","locations":[{"start":{"line":35,"column":10},"end":{"line":35,"column":14}}]},"2":{"loc":{"start":{"line":59,"column":4},"end":{"line":73,"column":5}},"type":"if","locations":[{"start":{"line":59,"column":4},"end":{"line":73,"column":5}},{"start":{},"end":{}}]},"3":{"loc":{"start":{"line":60,"column":6},"end":{"line":72,"column":7}},"type":"if","locations":[{"start":{"line":60,"column":6},"end":{"line":72,"column":7}},{"start":{"line":66,"column":13},"end":{"line":72,"column":7}}]},"4":{"loc":{"start":{"line":78,"column":4},"end":{"line":80,"column":5}},"type":"if","locations":[{"start":{"line":78,"column":4},"end":{"line":80,"column":5}},{"start":{},"end":{}}]},"5":{"loc":{"start":{"line":116,"column":9},"end":{"line":116,"column":55}},"type":"cond-expr","locations":[{"start":{"line":116,"column":21},"end":{"line":116,"column":34}},{"start":{"line":116,"column":37},"end":{"line":116,"column":55}}]},"6":{"loc":{"start":{"line":124,"column":11},"end":{"line":127,"column":null}},"type":"binary-expr","locations":[{"start":{"line":124,"column":11},"end":{"line":124,"column":16}},{"start":{"line":125,"column":12},"end":{"line":126,"column":null}}]},"7":{"loc":{"start":{"line":140,"column":30},"end":{"line":140,"column":93}},"type":"binary-expr","locations":[{"start":{"line":140,"column":30},"end":{"line":140,"column":50}},{"start":{"line":140,"column":54},"end":{"line":140,"column":93}}]},"8":{"loc":{"start":{"line":160,"column":30},"end":{"line":160,"column":85}},"type":"binary-expr","locations":[{"start":{"line":160,"column":30},"end":{"line":160,"column":50}},{"start":{"line":160,"column":54},"end":{"line":160,"column":85}}]},"9":{"loc":{"start":{"line":176,"column":30},"end":{"line":176,"column":96}},"type":"binary-expr","locations":[{"start":{"line":176,"column":30},"end":{"line":176,"column":51}},{"start":{"line":176,"column":55},"end":{"line":176,"column":96}}]},"10":{"loc":{"start":{"line":186,"column":13},"end":{"line":209,"column":null}},"type":"binary-expr","locations":[{"start":{"line":186,"column":13},"end":{"line":186,"column":21}},{"start":{"line":186,"column":25},"end":{"line":186,"column":47}},{"start":{"line":187,"column":14},"end":{"line":208,"column":null}}]},"11":{"loc":{"start":{"line":222,"column":22},"end":{"line":222,"column":41}},"type":"binary-expr","locations":[{"start":{"line":222,"column":22},"end":{"line":222,"column":29}},{"start":{"line":222,"column":33},"end":{"line":222,"column":41}}]},"12":{"loc":{"start":{"line":223,"column":23},"end":{"line":223,"column":64}},"type":"binary-expr","locations":[{"start":{"line":223,"column":23},"end":{"line":223,"column":30}},{"start":{"line":223,"column":34},"end":{"line":223,"column":64}}]},"13":{"loc":{"start":{"line":225,"column":13},"end":{"line":225,"column":74}},"type":"cond-expr","locations":[{"start":{"line":225,"column":23},"end":{"line":225,"column":37}},{"start":{"line":225,"column":40},"end":{"line":225,"column":74}}]},"14":{"loc":{"start":{"line":225,"column":40},"end":{"line":225,"column":74}},"type":"cond-expr","locations":[{"start":{"line":225,"column":52},"end":{"line":225,"column":64}},{"start":{"line":225,"column":67},"end":{"line":225,"column":74}}]}},"s":{"0":1,"1":1,"2":1,"3":1,"4":1,"5":1,"6":1,"7":86,"8":86,"9":86,"10":86,"11":15,"12":14,"13":3,"14":11,"15":86,"16":1,"17":1,"18":1,"19":86,"20":2,"21":2,"22":86,"23":45,"24":45,"25":26,"26":26,"27":126,"28":19,"29":86,"30":103,"31":21,"32":110,"33":85,"34":0,"35":1},"f":{"0":86,"1":15,"2":1,"3":2,"4":45,"5":126,"6":103,"7":21,"8":110,"9":85,"10":0},"b":{"0":[84],"1":[84],"2":[14,1],"3":[3,11],"4":[1,0],"5":[6,80],"6":[86,2],"7":[103,100],"8":[110,107],"9":[85,47],"10":[86,45,6],"11":[86,84],"12":[86,2],"13":[2,84],"14":[6,78]}}
,"C:\\Users\\migue\\OneDrive\\Escritorio\\programming\\Joonik\\frontend\\src\\components\\Navbar.tsx": {"path":"C:\\Users\\migue\\OneDrive\\Escritorio\\programming\\Joonik\\frontend\\src\\components\\Navbar.tsx","statementMap":{"0":{"start":{"line":2,"column":0},"end":{"line":2,"column":79}},"1":{"start":{"line":3,"column":0},"end":{"line":3,"column":59}},"2":{"start":{"line":4,"column":0},"end":{"line":4,"column":60}},"3":{"start":{"line":6,"column":25},"end":{"line":80,"column":1}},"4":{"start":{"line":7,"column":19},"end":{"line":7,"column":32}},"5":{"start":{"line":8,"column":19},"end":{"line":8,"column":32}},"6":{"start":{"line":10,"column":19},"end":{"line":10,"column":63}},"7":{"start":{"line":10,"column":37},"end":{"line":10,"column":63}},"8":{"start":{"line":12,"column":2},"end":{"line":79,"column":4}},"9":{"start":{"line":29,"column":25},"end":{"line":29,"column":38}},"10":{"start":{"line":59,"column":27},"end":{"line":59,"column":49}},"11":{"start":{"line":82,"column":0},"end":{"line":82,"column":22}}},"fnMap":{"0":{"name":"(anonymous_0)","decl":{"start":{"line":6,"column":25},"end":{"line":6,"column":28}},"loc":{"start":{"line":6,"column":30},"end":{"line":80,"column":1}}},"1":{"name":"(anonymous_1)","decl":{"start":{"line":10,"column":19},"end":{"line":10,"column":20}},"loc":{"start":{"line":10,"column":37},"end":{"line":10,"column":63}}},"2":{"name":"(anonymous_2)","decl":{"start":{"line":29,"column":19},"end":{"line":29,"column":22}},"loc":{"start":{"line":29,"column":25},"end":{"line":29,"column":38}}},"3":{"name":"(anonymous_3)","decl":{"start":{"line":59,"column":21},"end":{"line":59,"column":24}},"loc":{"start":{"line":59,"column":27},"end":{"line":59,"column":49}}}},"branchMap":{"0":{"loc":{"start":{"line":66,"column":16},"end":{"line":68,"column":33}},"type":"cond-expr","locations":[{"start":{"line":67,"column":20},"end":{"line":67,"column":47}},{"start":{"line":68,"column":20},"end":{"line":68,"column":33}}]},"1":{"loc":{"start":{"line":66,"column":16},"end":{"line":66,"column":55}},"type":"binary-expr","locations":[{"start":{"line":66,"column":16},"end":{"line":66,"column":38}},{"start":{"line":66,"column":42},"end":{"line":66,"column":55}}]}},"s":{"0":0,"1":0,"2":0,"3":0,"4":0,"5":0,"6":0,"7":0,"8":0,"9":0,"10":0,"11":0},"f":{"0":0,"1":0,"2":0,"3":0},"b":{"0":[0,0],"1":[0,0]}}
,"C:\\Users\\migue\\OneDrive\\Escritorio\\programming\\Joonik\\frontend\\src\\config\\api.ts": {"path":"C:\\Users\\migue\\OneDrive\\Escritorio\\programming\\Joonik\\frontend\\src\\config\\api.ts","statementMap":{"0":{"start":{"line":1,"column":0},"end":{"line":1,"column":42}},"1":{"start":{"line":4,"column":21},"end":{"line":4,"column":51}},"2":{"start":{"line":5,"column":16},"end":{"line":5,"column":44}},"3":{"start":{"line":8,"column":18},"end":{"line":15,"column":2}},"4":{"start":{"line":18,"column":0},"end":{"line":27,"column":2}},"5":{"start":{"line":20,"column":4},"end":{"line":20,"column":83}},"6":{"start":{"line":21,"column":4},"end":{"line":21,"column":18}},"7":{"start":{"line":24,"column":4},"end":{"line":24,"column":43}},"8":{"start":{"line":25,"column":4},"end":{"line":25,"column":33}},"9":{"start":{"line":30,"column":0},"end":{"line":74,"column":2}},"10":{"start":{"line":32,"column":4},"end":{"line":32,"column":20}},"11":{"start":{"line":35,"column":4},"end":{"line":35,"column":44}},"12":{"start":{"line":38,"column":4},"end":{"line":70,"column":5}},"13":{"start":{"line":40,"column":31},"end":{"line":40,"column":45}},"14":{"start":{"line":42,"column":6},"end":{"line":63,"column":7}},"15":{"start":{"line":44,"column":10},"end":{"line":44,"column":47}},"16":{"start":{"line":45,"column":10},"end":{"line":45,"column":16}},"17":{"start":{"line":47,"column":10},"end":{"line":47,"column":44}},"18":{"start":{"line":48,"column":10},"end":{"line":48,"column":16}},"19":{"start":{"line":50,"column":10},"end":{"line":50,"column":46}},"20":{"start":{"line":51,"column":10},"end":{"line":51,"column":16}},"21":{"start":{"line":53,"column":10},"end":{"line":53,"column":51}},"22":{"start":{"line":54,"column":10},"end":{"line":54,"column":16}},"23":{"start":{"line":56,"column":10},"end":{"line":56,"column":45}},"24":{"start":{"line":57,"column":10},"end":{"line":57,"column":16}},"25":{"start":{"line":59,"column":10},"end":{"line":59,"column":49}},"26":{"start":{"line":60,"column":10},"end":{"line":60,"column":16}},"27":{"start":{"line":62,"column":10},"end":{"line":62,"column":55}},"28":{"start":{"line":64,"column":11},"end":{"line":70,"column":5}},"29":{"start":{"line":66,"column":6},"end":{"line":66,"column":60}},"30":{"start":{"line":69,"column":6},"end":{"line":69,"column":59}},"31":{"start":{"line":72,"column":4},"end":{"line":72,"column":33}},"32":{"start":{"line":76,"column":0},"end":{"line":76,"column":25}}},"fnMap":{"0":{"name":"(anonymous_1)","decl":{"start":{"line":19,"column":2},"end":{"line":19,"column":8}},"loc":{"start":{"line":19,"column":11},"end":{"line":22,"column":3}}},"1":{"name":"(anonymous_2)","decl":{"start":{"line":23,"column":2},"end":{"line":23,"column":7}},"loc":{"start":{"line":23,"column":10},"end":{"line":26,"column":3}}},"2":{"name":"(anonymous_3)","decl":{"start":{"line":31,"column":2},"end":{"line":31,"column":3}},"loc":{"start":{"line":31,"column":15},"end":{"line":33,"column":3}}},"3":{"name":"(anonymous_4)","decl":{"start":{"line":34,"column":2},"end":{"line":34,"column":3}},"loc":{"start":{"line":34,"column":24},"end":{"line":73,"column":3}}}},"branchMap":{"0":{"loc":{"start":{"line":38,"column":4},"end":{"line":70,"column":5}},"type":"if","locations":[{"start":{"line":38,"column":4},"end":{"line":70,"column":5}},{"start":{"line":64,"column":11},"end":{"line":70,"column":5}}]},"1":{"loc":{"start":{"line":42,"column":6},"end":{"line":63,"column":7}},"type":"switch","locations":[{"start":{"line":43,"column":8},"end":{"line":45,"column":16}},{"start":{"line":46,"column":8},"end":{"line":48,"column":16}},{"start":{"line":49,"column":8},"end":{"line":51,"column":16}},{"start":{"line":52,"column":8},"end":{"line":54,"column":16}},{"start":{"line":55,"column":8},"end":{"line":57,"column":16}},{"start":{"line":58,"column":8},"end":{"line":60,"column":16}},{"start":{"line":61,"column":8},"end":{"line":62,"column":55}}]},"2":{"loc":{"start":{"line":64,"column":11},"end":{"line":70,"column":5}},"type":"if","locations":[{"start":{"line":64,"column":11},"end":{"line":70,"column":5}},{"start":{"line":67,"column":11},"end":{"line":70,"column":5}}]}},"s":{"0":0,"1":0,"2":0,"3":0,"4":0,"5":0,"6":0,"7":0,"8":0,"9":0,"10":0,"11":0,"12":0,"13":0,"14":0,"15":0,"16":0,"17":0,"18":0,"19":0,"20":0,"21":0,"22":0,"23":0,"24":0,"25":0,"26":0,"27":0,"28":0,"29":0,"30":0,"31":0,"32":0},"f":{"0":0,"1":0,"2":0,"3":0},"b":{"0":[0,0],"1":[0,0,0,0,0,0,0],"2":[0,0]}}
,"C:\\Users\\migue\\OneDrive\\Escritorio\\programming\\Joonik\\frontend\\src\\hooks\\useLocations.ts": {"path":"C:\\Users\\migue\\OneDrive\\Escritorio\\programming\\Joonik\\frontend\\src\\hooks\\useLocations.ts","statementMap":{"0":{"start":{"line":1,"column":0},"end":{"line":1,"column":57}},"1":{"start":{"line":3,"column":0},"end":{"line":3,"column":58}},"2":{"start":{"line":29,"column":28},"end":{"line":145,"column":1}},"3":{"start":{"line":30,"column":28},"end":{"line":36,"column":4}},"4":{"start":{"line":38,"column":21},"end":{"line":40,"column":8}},"5":{"start":{"line":39,"column":4},"end":{"line":39,"column":49}},"6":{"start":{"line":39,"column":22},"end":{"line":39,"column":46}},"7":{"start":{"line":42,"column":22},"end":{"line":62,"column":8}},"8":{"start":{"line":43,"column":23},"end":{"line":43,"column":56}},"9":{"start":{"line":45,"column":4},"end":{"line":59,"column":5}},"10":{"start":{"line":46,"column":24},"end":{"line":46,"column":73}},"11":{"start":{"line":48,"column":6},"end":{"line":56,"column":7}},"12":{"start":{"line":49,"column":8},"end":{"line":49,"column":47}},"13":{"start":{"line":52,"column":8},"end":{"line":55,"column":9}},"14":{"start":{"line":53,"column":37},"end":{"line":53,"column":93}},"15":{"start":{"line":54,"column":10},"end":{"line":54,"column":66}},"16":{"start":{"line":57,"column":11},"end":{"line":59,"column":5}},"17":{"start":{"line":58,"column":6},"end":{"line":58,"column":75}},"18":{"start":{"line":61,"column":4},"end":{"line":61,"column":73}},"19":{"start":{"line":61,"column":22},"end":{"line":61,"column":70}},"20":{"start":{"line":64,"column":25},"end":{"line":81,"column":null}},"21":{"start":{"line":66,"column":6},"end":{"line":66,"column":66}},"22":{"start":{"line":66,"column":24},"end":{"line":66,"column":63}},"23":{"start":{"line":68,"column":6},"end":{"line":79,"column":7}},"24":{"start":{"line":69,"column":25},"end":{"line":69,"column":94}},"25":{"start":{"line":70,"column":8},"end":{"line":76,"column":12}},"26":{"start":{"line":70,"column":26},"end":{"line":76,"column":10}},"27":{"start":{"line":78,"column":8},"end":{"line":78,"column":41}},"28":{"start":{"line":84,"column":25},"end":{"line":97,"column":null}},"29":{"start":{"line":86,"column":6},"end":{"line":86,"column":66}},"30":{"start":{"line":86,"column":24},"end":{"line":86,"column":63}},"31":{"start":{"line":88,"column":6},"end":{"line":95,"column":7}},"32":{"start":{"line":89,"column":8},"end":{"line":89,"column":51}},"33":{"start":{"line":90,"column":8},"end":{"line":90,"column":56}},"34":{"start":{"line":90,"column":26},"end":{"line":90,"column":53}},"35":{"start":{"line":91,"column":8},"end":{"line":91,"column":20}},"36":{"start":{"line":93,"column":8},"end":{"line":93,"column":41}},"37":{"start":{"line":94,"column":8},"end":{"line":94,"column":21}},"38":{"start":{"line":100,"column":25},"end":{"line":113,"column":null}},"39":{"start":{"line":102,"column":6},"end":{"line":102,"column":66}},"40":{"start":{"line":102,"column":24},"end":{"line":102,"column":63}},"41":{"start":{"line":104,"column":6},"end":{"line":111,"column":7}},"42":{"start":{"line":105,"column":8},"end":{"line":105,"column":55}},"43":{"start":{"line":106,"column":8},"end":{"line":106,"column":56}},"44":{"start":{"line":106,"column":26},"end":{"line":106,"column":53}},"45":{"start":{"line":107,"column":8},"end":{"line":107,"column":20}},"46":{"start":{"line":109,"column":8},"end":{"line":109,"column":41}},"47":{"start":{"line":110,"column":8},"end":{"line":110,"column":21}},"48":{"start":{"line":116,"column":25},"end":{"line":129,"column":null}},"49":{"start":{"line":118,"column":6},"end":{"line":118,"column":66}},"50":{"start":{"line":118,"column":24},"end":{"line":118,"column":63}},"51":{"start":{"line":120,"column":6},"end":{"line":127,"column":7}},"52":{"start":{"line":121,"column":8},"end":{"line":121,"column":49}},"53":{"start":{"line":122,"column":8},"end":{"line":122,"column":56}},"54":{"start":{"line":122,"column":26},"end":{"line":122,"column":53}},"55":{"start":{"line":123,"column":8},"end":{"line":123,"column":20}},"56":{"start":{"line":125,"column":8},"end":{"line":125,"column":41}},"57":{"start":{"line":126,"column":8},"end":{"line":126,"column":21}},"58":{"start":{"line":133,"column":2},"end":{"line":135,"column":23}},"59":{"start":{"line":134,"column":4},"end":{"line":134,"column":21}},"60":{"start":{"line":137,"column":2},"end":{"line":144,"column":4}},"61":{"start":{"line":29,"column":13},"end":{"line":29,"column":28}},"62":{"start":{"line":147,"column":0},"end":{"line":147,"column":28}}},"fnMap":{"0":{"name":"(anonymous_1)","decl":{"start":{"line":29,"column":28},"end":{"line":29,"column":29}},"loc":{"start":{"line":29,"column":89},"end":{"line":145,"column":1}}},"1":{"name":"(anonymous_2)","decl":{"start":{"line":38,"column":33},"end":{"line":38,"column":36}},"loc":{"start":{"line":38,"column":38},"end":{"line":40,"column":3}}},"2":{"name":"(anonymous_3)","decl":{"start":{"line":39,"column":13},"end":{"line":39,"column":17}},"loc":{"start":{"line":39,"column":22},"end":{"line":39,"column":46}}},"3":{"name":"(anonymous_4)","decl":{"start":{"line":42,"column":34},"end":{"line":42,"column":35}},"loc":{"start":{"line":42,"column":56},"end":{"line":62,"column":3}}},"4":{"name":"(anonymous_5)","decl":{"start":{"line":61,"column":13},"end":{"line":61,"column":17}},"loc":{"start":{"line":61,"column":22},"end":{"line":61,"column":70}}},"5":{"name":"(anonymous_6)","decl":{"start":{"line":65,"column":4},"end":{"line":65,"column":9}},"loc":{"start":{"line":65,"column":44},"end":{"line":80,"column":5}}},"6":{"name":"(anonymous_7)","decl":{"start":{"line":66,"column":15},"end":{"line":66,"column":19}},"loc":{"start":{"line":66,"column":24},"end":{"line":66,"column":63}}},"7":{"name":"(anonymous_8)","decl":{"start":{"line":70,"column":17},"end":{"line":70,"column":21}},"loc":{"start":{"line":70,"column":26},"end":{"line":76,"column":10}}},"8":{"name":"(anonymous_9)","decl":{"start":{"line":85,"column":4},"end":{"line":85,"column":9}},"loc":{"start":{"line":85,"column":55},"end":{"line":96,"column":5}}},"9":{"name":"(anonymous_10)","decl":{"start":{"line":86,"column":15},"end":{"line":86,"column":19}},"loc":{"start":{"line":86,"column":24},"end":{"line":86,"column":63}}},"10":{"name":"(anonymous_11)","decl":{"start":{"line":90,"column":17},"end":{"line":90,"column":21}},"loc":{"start":{"line":90,"column":26},"end":{"line":90,"column":53}}},"11":{"name":"(anonymous_12)","decl":{"start":{"line":101,"column":4},"end":{"line":101,"column":9}},"loc":{"start":{"line":101,"column":67},"end":{"line":112,"column":5}}},"12":{"name":"(anonymous_13)","decl":{"start":{"line":102,"column":15},"end":{"line":102,"column":19}},"loc":{"start":{"line":102,"column":24},"end":{"line":102,"column":63}}},"13":{"name":"(anonymous_14)","decl":{"start":{"line":106,"column":17},"end":{"line":106,"column":21}},"loc":{"start":{"line":106,"column":26},"end":{"line":106,"column":53}}},"14":{"name":"(anonymous_15)","decl":{"start":{"line":117,"column":4},"end":{"line":117,"column":9}},"loc":{"start":{"line":117,"column":43},"end":{"line":128,"column":5}}},"15":{"name":"(anonymous_16)","decl":{"start":{"line":118,"column":15},"end":{"line":118,"column":19}},"loc":{"start":{"line":118,"column":24},"end":{"line":118,"column":63}}},"16":{"name":"(anonymous_17)","decl":{"start":{"line":122,"column":17},"end":{"line":122,"column":21}},"loc":{"start":{"line":122,"column":26},"end":{"line":122,"column":53}}},"17":{"name":"(anonymous_18)","decl":{"start":{"line":133,"column":12},"end":{"line":133,"column":15}},"loc":{"start":{"line":133,"column":17},"end":{"line":135,"column":3}}}},"branchMap":{"0":{"loc":{"start":{"line":29,"column":29},"end":{"line":29,"column":65}},"type":"default-arg","locations":[{"start":{"line":29,"column":63},"end":{"line":29,"column":65}}]},"1":{"loc":{"start":{"line":45,"column":4},"end":{"line":59,"column":5}},"type":"if","locations":[{"start":{"line":45,"column":4},"end":{"line":59,"column":5}},{"start":{"line":57,"column":11},"end":{"line":59,"column":5}}]},"2":{"loc":{"start":{"line":48,"column":6},"end":{"line":56,"column":7}},"type":"if","locations":[{"start":{"line":48,"column":6},"end":{"line":56,"column":7}},{"start":{},"end":{}}]},"3":{"loc":{"start":{"line":52,"column":8},"end":{"line":55,"column":9}},"type":"if","locations":[{"start":{"line":52,"column":8},"end":{"line":55,"column":9}},{"start":{},"end":{}}]},"4":{"loc":{"start":{"line":52,"column":12},"end":{"line":52,"column":67}},"type":"binary-expr","locations":[{"start":{"line":52,"column":12},"end":{"line":52,"column":40}},{"start":{"line":52,"column":44},"end":{"line":52,"column":67}}]},"5":{"loc":{"start":{"line":57,"column":11},"end":{"line":59,"column":5}},"type":"if","locations":[{"start":{"line":57,"column":11},"end":{"line":59,"column":5}},{"start":{},"end":{}}]},"6":{"loc":{"start":{"line":65,"column":11},"end":{"line":65,"column":40}},"type":"default-arg","locations":[{"start":{"line":65,"column":38},"end":{"line":65,"column":40}}]}},"s":{"0":0,"1":0,"2":0,"3":0,"4":0,"5":0,"6":0,"7":0,"8":0,"9":0,"10":0,"11":0,"12":0,"13":0,"14":0,"15":0,"16":0,"17":0,"18":0,"19":0,"20":0,"21":0,"22":0,"23":0,"24":0,"25":0,"26":0,"27":0,"28":0,"29":0,"30":0,"31":0,"32":0,"33":0,"34":0,"35":0,"36":0,"37":0,"38":0,"39":0,"40":0,"41":0,"42":0,"43":0,"44":0,"45":0,"46":0,"47":0,"48":0,"49":0,"50":0,"51":0,"52":0,"53":0,"54":0,"55":0,"56":0,"57":0,"58":0,"59":0,"60":0,"61":0,"62":0},"f":{"0":0,"1":0,"2":0,"3":0,"4":0,"5":0,"6":0,"7":0,"8":0,"9":0,"10":0,"11":0,"12":0,"13":0,"14":0,"15":0,"16":0,"17":0},"b":{"0":[0],"1":[0,0],"2":[0,0],"3":[0,0],"4":[0,0],"5":[0,0],"6":[0]}}
,"C:\\Users\\migue\\OneDrive\\Escritorio\\programming\\Joonik\\frontend\\src\\schemas\\locationSchema.ts": {"path":"C:\\Users\\migue\\OneDrive\\Escritorio\\programming\\Joonik\\frontend\\src\\schemas\\locationSchema.ts","statementMap":{"0":{"start":{"line":1,"column":0},"end":{"line":1,"column":24}},"1":{"start":{"line":4,"column":13},"end":{"line":32,"column":3}},"2":{"start":{"line":28,"column":30},"end":{"line":28,"column":80}},"3":{"start":{"line":29,"column":27},"end":{"line":29,"column":44}},"4":{"start":{"line":30,"column":6},"end":{"line":30,"column":69}},"5":{"start":{"line":30,"column":41},"end":{"line":30,"column":67}},"6":{"start":{"line":38,"column":36},"end":{"line":40,"column":1}},"7":{"start":{"line":39,"column":2},"end":{"line":39,"column":40}},"8":{"start":{"line":38,"column":13},"end":{"line":38,"column":36}}},"fnMap":{"0":{"name":"(anonymous_0)","decl":{"start":{"line":26,"column":12},"end":{"line":26,"column":15}},"loc":{"start":{"line":26,"column":18},"end":{"line":31,"column":5}}},"1":{"name":"(anonymous_1)","decl":{"start":{"line":30,"column":34},"end":{"line":30,"column":37}},"loc":{"start":{"line":30,"column":41},"end":{"line":30,"column":67}}},"2":{"name":"(anonymous_2)","decl":{"start":{"line":38,"column":36},"end":{"line":38,"column":37}},"loc":{"start":{"line":38,"column":54},"end":{"line":40,"column":1}}}},"branchMap":{},"s":{"0":1,"1":1,"2":120,"3":120,"4":120,"5":695,"6":1,"7":0,"8":1},"f":{"0":120,"1":695,"2":0},"b":{}}
,"C:\\Users\\migue\\OneDrive\\Escritorio\\programming\\Joonik\\frontend\\src\\services\\locationService.ts": {"path":"C:\\Users\\migue\\OneDrive\\Escritorio\\programming\\Joonik\\frontend\\src\\services\\locationService.ts","statementMap":{"0":{"start":{"line":1,"column":0},"end":{"line":1,"column":38}},"1":{"start":{"line":10,"column":30},"end":{"line":10,"column":42}},"2":{"start":{"line":16,"column":19},"end":{"line":16,"column":40}},"3":{"start":{"line":18,"column":4},"end":{"line":18,"column":58}},"4":{"start":{"line":18,"column":22},"end":{"line":18,"column":58}},"5":{"start":{"line":19,"column":4},"end":{"line":19,"column":58}},"6":{"start":{"line":19,"column":22},"end":{"line":19,"column":58}},"7":{"start":{"line":20,"column":4},"end":{"line":20,"column":69}},"8":{"start":{"line":20,"column":22},"end":{"line":20,"column":69}},"9":{"start":{"line":21,"column":4},"end":{"line":21,"column":81}},"10":{"start":{"line":21,"column":26},"end":{"line":21,"column":81}},"11":{"start":{"line":23,"column":21},"end":{"line":24,"column":null}},"12":{"start":{"line":26,"column":4},"end":{"line":26,"column":25}},"13":{"start":{"line":33,"column":21},"end":{"line":33,"column":84}},"14":{"start":{"line":34,"column":4},"end":{"line":34,"column":25}},"15":{"start":{"line":41,"column":21},"end":{"line":41,"column":80}},"16":{"start":{"line":42,"column":4},"end":{"line":42,"column":25}},"17":{"start":{"line":49,"column":21},"end":{"line":49,"column":90}},"18":{"start":{"line":50,"column":4},"end":{"line":50,"column":25}},"19":{"start":{"line":57,"column":21},"end":{"line":58,"column":null}},"20":{"start":{"line":60,"column":4},"end":{"line":60,"column":25}},"21":{"start":{"line":64,"column":13},"end":{"line":64,"column":53}},"22":{"start":{"line":65,"column":0},"end":{"line":65,"column":31}}},"fnMap":{"0":{"name":"(anonymous_1)","decl":{"start":{"line":15,"column":2},"end":{"line":15,"column":7}},"loc":{"start":{"line":15,"column":50},"end":{"line":27,"column":3}}},"1":{"name":"(anonymous_2)","decl":{"start":{"line":32,"column":2},"end":{"line":32,"column":7}},"loc":{"start":{"line":32,"column":30},"end":{"line":35,"column":3}}},"2":{"name":"(anonymous_3)","decl":{"start":{"line":40,"column":2},"end":{"line":40,"column":7}},"loc":{"start":{"line":40,"column":45},"end":{"line":43,"column":3}}},"3":{"name":"(anonymous_4)","decl":{"start":{"line":48,"column":2},"end":{"line":48,"column":7}},"loc":{"start":{"line":48,"column":57},"end":{"line":51,"column":3}}},"4":{"name":"(anonymous_5)","decl":{"start":{"line":56,"column":2},"end":{"line":56,"column":7}},"loc":{"start":{"line":56,"column":33},"end":{"line":61,"column":3}}}},"branchMap":{"0":{"loc":{"start":{"line":15,"column":21},"end":{"line":15,"column":50}},"type":"default-arg","locations":[{"start":{"line":15,"column":48},"end":{"line":15,"column":50}}]},"1":{"loc":{"start":{"line":18,"column":4},"end":{"line":18,"column":58}},"type":"if","locations":[{"start":{"line":18,"column":4},"end":{"line":18,"column":58}},{"start":{},"end":{}}]},"2":{"loc":{"start":{"line":19,"column":4},"end":{"line":19,"column":58}},"type":"if","locations":[{"start":{"line":19,"column":4},"end":{"line":19,"column":58}},{"start":{},"end":{}}]},"3":{"loc":{"start":{"line":20,"column":4},"end":{"line":20,"column":69}},"type":"if","locations":[{"start":{"line":20,"column":4},"end":{"line":20,"column":69}},{"start":{},"end":{}}]},"4":{"loc":{"start":{"line":21,"column":4},"end":{"line":21,"column":81}},"type":"if","locations":[{"start":{"line":21,"column":4},"end":{"line":21,"column":81}},{"start":{},"end":{}}]}},"s":{"0":0,"1":0,"2":0,"3":0,"4":0,"5":0,"6":0,"7":0,"8":0,"9":0,"10":0,"11":0,"12":0,"13":0,"14":0,"15":0,"16":0,"17":0,"18":0,"19":0,"20":0,"21":0,"22":0},"f":{"0":0,"1":0,"2":0,"3":0,"4":0},"b":{"0":[0],"1":[0,0],"2":[0,0],"3":[0,0],"4":[0,0]}}
}
