TN:
SF:src\App.tsx
FN:56,App
FNF:1
FNH:0
FNDA:0,App
DA:2,0
DA:3,0
DA:4,0
DA:5,0
DA:6,0
DA:8,0
DA:57,0
DA:75,0
LF:8
LH:0
BRF:0
BRH:0
end_of_record
TN:
SF:src\components\LocationCard.tsx
FN:26,(anonymous_0)
FN:32,(anonymous_1)
FN:40,(anonymous_2)
FN:53,(anonymous_3)
FN:91,(anonymous_4)
FN:103,(anonymous_5)
FNF:6
FNH:6
FNDA:14,(anonymous_0)
FNDA:28,(anonymous_1)
FNDA:1,(anonymous_2)
FNDA:14,(anonymous_3)
FNDA:1,(anonymous_4)
FNDA:1,(anonymous_5)
DA:2,1
DA:12,1
DA:26,1
DA:32,14
DA:33,28
DA:40,14
DA:41,1
DA:44,14
DA:53,14
DA:91,1
DA:103,1
DA:144,1
LF:12
LH:12
BRDA:30,0,0,13
BRDA:85,1,0,14
BRDA:85,1,1,13
BRDA:87,2,0,13
BRDA:87,2,1,1
BRDA:99,3,0,13
BRDA:99,3,1,1
BRDA:133,4,0,14
BRDA:133,4,1,14
BRF:9
BRH:9
end_of_record
TN:
SF:src\components\LocationDialog.tsx
FN:43,(anonymous_1)
FN:65,(anonymous_2)
FN:75,(anonymous_3)
FN:84,(anonymous_4)
FN:98,(anonymous_5)
FN:112,(anonymous_6)
FN:126,(anonymous_7)
FNF:7
FNH:0
FNDA:0,(anonymous_1)
FNDA:0,(anonymous_2)
FNDA:0,(anonymous_3)
FNDA:0,(anonymous_4)
FNDA:0,(anonymous_5)
FNDA:0,(anonymous_6)
FNDA:0,(anonymous_7)
DA:1,0
DA:2,0
DA:12,0
DA:13,0
DA:14,0
DA:17,0
DA:43,0
DA:55,0
DA:65,0
DA:66,0
DA:67,0
DA:75,0
DA:77,0
DA:81,0
DA:84,0
DA:85,0
DA:86,0
DA:89,0
DA:99,0
DA:113,0
DA:127,0
DA:157,0
LF:22
LH:0
BRDA:48,0,0,0
BRDA:58,1,0,0
BRDA:58,1,1,0
BRDA:59,2,0,0
BRDA:59,2,1,0
BRDA:60,3,0,0
BRDA:60,3,1,0
BRDA:66,4,0,0
BRDA:66,4,1,0
BRDA:68,5,0,0
BRDA:68,5,1,0
BRDA:69,6,0,0
BRDA:69,6,1,0
BRDA:70,7,0,0
BRDA:70,7,1,0
BRDA:79,8,0,0
BRDA:79,8,1,0
BRDA:91,9,0,0
BRDA:91,9,1,0
BRDA:132,10,0,0
BRDA:132,10,1,0
BRDA:146,11,0,0
BRDA:146,11,1,0
BRDA:147,12,0,0
BRDA:147,12,1,0
BRDA:149,13,0,0
BRDA:149,13,1,0
BRF:27
BRH:0
end_of_record
TN:
SF:src\components\LocationForm.tsx
FN:29,(anonymous_0)
FN:58,(anonymous_1)
FN:76,(anonymous_2)
FN:83,(anonymous_3)
FN:88,(anonymous_4)
FN:92,(anonymous_5)
FN:134,(anonymous_6)
FN:146,(anonymous_7)
FN:154,(anonymous_8)
FN:170,(anonymous_9)
FN:205,(anonymous_10)
FNF:11
FNH:10
FNDA:86,(anonymous_0)
FNDA:15,(anonymous_1)
FNDA:1,(anonymous_2)
FNDA:2,(anonymous_3)
FNDA:45,(anonymous_4)
FNDA:126,(anonymous_5)
FNDA:103,(anonymous_6)
FNDA:21,(anonymous_7)
FNDA:110,(anonymous_8)
FNDA:85,(anonymous_9)
FNDA:0,(anonymous_10)
DA:1,1
DA:2,1
DA:14,1
DA:15,1
DA:16,1
DA:17,1
DA:29,1
DA:37,86
DA:45,86
DA:55,86
DA:58,86
DA:59,15
DA:60,14
DA:61,3
DA:67,11
DA:76,86
DA:77,1
DA:78,1
DA:79,1
DA:83,86
DA:84,2
DA:85,2
DA:88,86
DA:89,45
DA:90,45
DA:91,26
DA:92,126
DA:94,19
DA:98,86
DA:135,103
DA:146,21
DA:155,110
DA:171,85
DA:206,0
DA:233,1
LF:35
LH:34
BRDA:34,0,0,84
BRDA:35,1,0,84
BRDA:59,2,0,14
BRDA:59,2,1,1
BRDA:60,3,0,3
BRDA:60,3,1,11
BRDA:78,4,0,1
BRDA:78,4,1,0
BRDA:116,5,0,6
BRDA:116,5,1,80
BRDA:124,6,0,86
BRDA:124,6,1,2
BRDA:140,7,0,103
BRDA:140,7,1,100
BRDA:160,8,0,110
BRDA:160,8,1,107
BRDA:176,9,0,85
BRDA:176,9,1,47
BRDA:186,10,0,86
BRDA:186,10,1,45
BRDA:186,10,2,6
BRDA:222,11,0,86
BRDA:222,11,1,84
BRDA:223,12,0,86
BRDA:223,12,1,2
BRDA:225,13,0,2
BRDA:225,13,1,84
BRDA:225,14,0,6
BRDA:225,14,1,78
BRF:29
BRH:28
end_of_record
TN:
SF:src\components\Navbar.tsx
FN:6,(anonymous_0)
FN:10,(anonymous_1)
FN:29,(anonymous_2)
FN:59,(anonymous_3)
FNF:4
FNH:0
FNDA:0,(anonymous_0)
FNDA:0,(anonymous_1)
FNDA:0,(anonymous_2)
FNDA:0,(anonymous_3)
DA:2,0
DA:3,0
DA:4,0
DA:6,0
DA:7,0
DA:8,0
DA:10,0
DA:12,0
DA:29,0
DA:59,0
DA:82,0
LF:11
LH:0
BRDA:66,0,0,0
BRDA:66,0,1,0
BRDA:66,1,0,0
BRDA:66,1,1,0
BRF:4
BRH:0
end_of_record
TN:
SF:src\config\api.ts
FN:19,(anonymous_1)
FN:23,(anonymous_2)
FN:31,(anonymous_3)
FN:34,(anonymous_4)
FNF:4
FNH:0
FNDA:0,(anonymous_1)
FNDA:0,(anonymous_2)
FNDA:0,(anonymous_3)
FNDA:0,(anonymous_4)
DA:1,0
DA:4,0
DA:5,0
DA:8,0
DA:18,0
DA:20,0
DA:21,0
DA:24,0
DA:25,0
DA:30,0
DA:32,0
DA:35,0
DA:38,0
DA:40,0
DA:42,0
DA:44,0
DA:45,0
DA:47,0
DA:48,0
DA:50,0
DA:51,0
DA:53,0
DA:54,0
DA:56,0
DA:57,0
DA:59,0
DA:60,0
DA:62,0
DA:64,0
DA:66,0
DA:69,0
DA:72,0
DA:76,0
LF:33
LH:0
BRDA:38,0,0,0
BRDA:38,0,1,0
BRDA:42,1,0,0
BRDA:42,1,1,0
BRDA:42,1,2,0
BRDA:42,1,3,0
BRDA:42,1,4,0
BRDA:42,1,5,0
BRDA:42,1,6,0
BRDA:64,2,0,0
BRDA:64,2,1,0
BRF:11
BRH:0
end_of_record
TN:
SF:src\hooks\useLocations.ts
FN:29,(anonymous_1)
FN:38,(anonymous_2)
FN:39,(anonymous_3)
FN:42,(anonymous_4)
FN:61,(anonymous_5)
FN:65,(anonymous_6)
FN:66,(anonymous_7)
FN:70,(anonymous_8)
FN:85,(anonymous_9)
FN:86,(anonymous_10)
FN:90,(anonymous_11)
FN:101,(anonymous_12)
FN:102,(anonymous_13)
FN:106,(anonymous_14)
FN:117,(anonymous_15)
FN:118,(anonymous_16)
FN:122,(anonymous_17)
FN:133,(anonymous_18)
FNF:18
FNH:0
FNDA:0,(anonymous_1)
FNDA:0,(anonymous_2)
FNDA:0,(anonymous_3)
FNDA:0,(anonymous_4)
FNDA:0,(anonymous_5)
FNDA:0,(anonymous_6)
FNDA:0,(anonymous_7)
FNDA:0,(anonymous_8)
FNDA:0,(anonymous_9)
FNDA:0,(anonymous_10)
FNDA:0,(anonymous_11)
FNDA:0,(anonymous_12)
FNDA:0,(anonymous_13)
FNDA:0,(anonymous_14)
FNDA:0,(anonymous_15)
FNDA:0,(anonymous_16)
FNDA:0,(anonymous_17)
FNDA:0,(anonymous_18)
DA:1,0
DA:3,0
DA:29,0
DA:30,0
DA:38,0
DA:39,0
DA:42,0
DA:43,0
DA:45,0
DA:46,0
DA:48,0
DA:49,0
DA:52,0
DA:53,0
DA:54,0
DA:57,0
DA:58,0
DA:61,0
DA:64,0
DA:66,0
DA:68,0
DA:69,0
DA:70,0
DA:78,0
DA:84,0
DA:86,0
DA:88,0
DA:89,0
DA:90,0
DA:91,0
DA:93,0
DA:94,0
DA:100,0
DA:102,0
DA:104,0
DA:105,0
DA:106,0
DA:107,0
DA:109,0
DA:110,0
DA:116,0
DA:118,0
DA:120,0
DA:121,0
DA:122,0
DA:123,0
DA:125,0
DA:126,0
DA:133,0
DA:134,0
DA:137,0
DA:147,0
LF:52
LH:0
BRDA:29,0,0,0
BRDA:45,1,0,0
BRDA:45,1,1,0
BRDA:48,2,0,0
BRDA:48,2,1,0
BRDA:52,3,0,0
BRDA:52,3,1,0
BRDA:52,4,0,0
BRDA:52,4,1,0
BRDA:57,5,0,0
BRDA:57,5,1,0
BRDA:65,6,0,0
BRF:12
BRH:0
end_of_record
TN:
SF:src\schemas\locationSchema.ts
FN:26,(anonymous_0)
FN:30,(anonymous_1)
FN:38,(anonymous_2)
FNF:3
FNH:2
FNDA:120,(anonymous_0)
FNDA:695,(anonymous_1)
FNDA:0,(anonymous_2)
DA:1,1
DA:4,1
DA:28,120
DA:29,120
DA:30,695
DA:38,1
DA:39,0
LF:7
LH:6
BRF:0
BRH:0
end_of_record
TN:
SF:src\services\locationService.ts
FN:15,(anonymous_1)
FN:32,(anonymous_2)
FN:40,(anonymous_3)
FN:48,(anonymous_4)
FN:56,(anonymous_5)
FNF:5
FNH:0
FNDA:0,(anonymous_1)
FNDA:0,(anonymous_2)
FNDA:0,(anonymous_3)
FNDA:0,(anonymous_4)
FNDA:0,(anonymous_5)
DA:1,0
DA:10,0
DA:16,0
DA:18,0
DA:19,0
DA:20,0
DA:21,0
DA:23,0
DA:26,0
DA:33,0
DA:34,0
DA:41,0
DA:42,0
DA:49,0
DA:50,0
DA:57,0
DA:60,0
DA:64,0
DA:65,0
LF:19
LH:0
BRDA:15,0,0,0
BRDA:18,1,0,0
BRDA:18,1,1,0
BRDA:19,2,0,0
BRDA:19,2,1,0
BRDA:20,3,0,0
BRDA:20,3,1,0
BRDA:21,4,0,0
BRDA:21,4,1,0
BRF:9
BRH:0
end_of_record
